2017-04-01 07:49:28 trace :
------------
String:
<xml><ToUserName><![CDATA[gh_a79fdd3c76dc]]></ToUserName>
<FromUserName><![CDATA[outkyxLL4GMVa5MnfciZ8EFB3sYM]]></FromUserName>
<CreateTime>1491004168</CreateTime>
<MsgType><![CDATA[event]]></MsgType>
<Event><![CDATA[VIEW]]></Event>
<EventKey><![CDATA[http://www.lginfo.net/youdian/app/index.php?i=2&c=entry&eid=110]]></EventKey>
<MenuId>421146275</MenuId>
</xml>

2017-04-01 07:49:28 params :
------------
String:
array (
  'rule' => -2,
  'module' => '',
  'message' => 
  array (
    'tousername' => 'gh_a79fdd3c76dc',
    'fromusername' => 'outkyxLL4GMVa5MnfciZ8EFB3sYM',
    'createtime' => '1491004168',
    'msgtype' => 'event',
    'event' => 'VIEW',
    'eventkey' => 'http://www.lginfo.net/youdian/app/index.php?i=2&c=entry&eid=110',
    'menuid' => '421146275',
    'from' => 'outkyxLL4GMVa5MnfciZ8EFB3sYM',
    'to' => 'gh_a79fdd3c76dc',
    'time' => '1491004168',
    'type' => 'text',
    'content' => 'http://www.lginfo.net/youdian/app/index.php?i=2&c=entry&eid=110',
    'redirection' => true,
    'source' => 'VIEW',
  ),
)

2017-04-01 07:49:28 response :
------------

2017-04-01 07:54:47 trace :
------------
String:
<xml><ToUserName><![CDATA[gh_a79fdd3c76dc]]></ToUserName>
<FromUserName><![CDATA[outkyxLL4GMVa5MnfciZ8EFB3sYM]]></FromUserName>
<CreateTime>1491004487</CreateTime>
<MsgType><![CDATA[event]]></MsgType>
<Event><![CDATA[VIEW]]></Event>
<EventKey><![CDATA[http://www.lginfo.net/youdian/app/index.php?i=2&c=entry&eid=110]]></EventKey>
<MenuId>421146275</MenuId>
</xml>

2017-04-01 07:54:47 params :
------------
String:
array (
  'rule' => -2,
  'module' => '',
  'message' => 
  array (
    'tousername' => 'gh_a79fdd3c76dc',
    'fromusername' => 'outkyxLL4GMVa5MnfciZ8EFB3sYM',
    'createtime' => '1491004487',
    'msgtype' => 'event',
    'event' => 'VIEW',
    'eventkey' => 'http://www.lginfo.net/youdian/app/index.php?i=2&c=entry&eid=110',
    'menuid' => '421146275',
    'from' => 'outkyxLL4GMVa5MnfciZ8EFB3sYM',
    'to' => 'gh_a79fdd3c76dc',
    'time' => '1491004487',
    'type' => 'text',
    'content' => 'http://www.lginfo.net/youdian/app/index.php?i=2&c=entry&eid=110',
    'redirection' => true,
    'source' => 'VIEW',
  ),
)

2017-04-01 07:54:47 response :
------------

2017-04-01 12:09:41 trace :
------------
String:
<xml><ToUserName><![CDATA[gh_a79fdd3c76dc]]></ToUserName>
<FromUserName><![CDATA[outkyxKZzY8oLR3gVZiiDMyYxM-A]]></FromUserName>
<CreateTime>1491019781</CreateTime>
<MsgType><![CDATA[event]]></MsgType>
<Event><![CDATA[VIEW]]></Event>
<EventKey><![CDATA[http://www.lginfo.net/youdian/app/index.php?i=2&c=entry&eid=110]]></EventKey>
<MenuId>421146275</MenuId>
</xml>

2017-04-01 12:09:41 params :
------------
String:
array (
  'rule' => -2,
  'module' => '',
  'message' => 
  array (
    'tousername' => 'gh_a79fdd3c76dc',
    'fromusername' => 'outkyxKZzY8oLR3gVZiiDMyYxM-A',
    'createtime' => '1491019781',
    'msgtype' => 'event',
    'event' => 'VIEW',
    'eventkey' => 'http://www.lginfo.net/youdian/app/index.php?i=2&c=entry&eid=110',
    'menuid' => '421146275',
    'from' => 'outkyxKZzY8oLR3gVZiiDMyYxM-A',
    'to' => 'gh_a79fdd3c76dc',
    'time' => '1491019781',
    'type' => 'text',
    'content' => 'http://www.lginfo.net/youdian/app/index.php?i=2&c=entry&eid=110',
    'redirection' => true,
    'source' => 'VIEW',
  ),
)

2017-04-01 12:09:41 response :
------------

2017-04-01 12:36:43 trace :
------------
String:
<xml><ToUserName><![CDATA[gh_a79fdd3c76dc]]></ToUserName>
<FromUserName><![CDATA[outkyxKZzY8oLR3gVZiiDMyYxM-A]]></FromUserName>
<CreateTime>1491021402</CreateTime>
<MsgType><![CDATA[event]]></MsgType>
<Event><![CDATA[VIEW]]></Event>
<EventKey><![CDATA[http://www.lginfo.net/youdian/app/index.php?i=2&c=entry&eid=110]]></EventKey>
<MenuId>421146275</MenuId>
</xml>

2017-04-01 12:36:43 params :
------------
String:
array (
  'rule' => -2,
  'module' => '',
  'message' => 
  array (
    'tousername' => 'gh_a79fdd3c76dc',
    'fromusername' => 'outkyxKZzY8oLR3gVZiiDMyYxM-A',
    'createtime' => '1491021402',
    'msgtype' => 'event',
    'event' => 'VIEW',
    'eventkey' => 'http://www.lginfo.net/youdian/app/index.php?i=2&c=entry&eid=110',
    'menuid' => '421146275',
    'from' => 'outkyxKZzY8oLR3gVZiiDMyYxM-A',
    'to' => 'gh_a79fdd3c76dc',
    'time' => '1491021402',
    'type' => 'text',
    'content' => 'http://www.lginfo.net/youdian/app/index.php?i=2&c=entry&eid=110',
    'redirection' => true,
    'source' => 'VIEW',
  ),
)

2017-04-01 12:36:43 response :
------------

2017-04-01 12:42:53 trace :
------------
String:
<xml><ToUserName><![CDATA[gh_a79fdd3c76dc]]></ToUserName>
<FromUserName><![CDATA[outkyxKZzY8oLR3gVZiiDMyYxM-A]]></FromUserName>
<CreateTime>1491021773</CreateTime>
<MsgType><![CDATA[event]]></MsgType>
<Event><![CDATA[VIEW]]></Event>
<EventKey><![CDATA[http://www.lginfo.net/youdian/app/index.php?i=2&c=entry&eid=110]]></EventKey>
<MenuId>421146275</MenuId>
</xml>

2017-04-01 12:42:53 params :
------------
String:
array (
  'rule' => -2,
  'module' => '',
  'message' => 
  array (
    'tousername' => 'gh_a79fdd3c76dc',
    'fromusername' => 'outkyxKZzY8oLR3gVZiiDMyYxM-A',
    'createtime' => '1491021773',
    'msgtype' => 'event',
    'event' => 'VIEW',
    'eventkey' => 'http://www.lginfo.net/youdian/app/index.php?i=2&c=entry&eid=110',
    'menuid' => '421146275',
    'from' => 'outkyxKZzY8oLR3gVZiiDMyYxM-A',
    'to' => 'gh_a79fdd3c76dc',
    'time' => '1491021773',
    'type' => 'text',
    'content' => 'http://www.lginfo.net/youdian/app/index.php?i=2&c=entry&eid=110',
    'redirection' => true,
    'source' => 'VIEW',
  ),
)

2017-04-01 12:42:53 response :
------------

2017-04-01 14:25:55 trace :
------------
String:
<xml><ToUserName><![CDATA[gh_a79fdd3c76dc]]></ToUserName>
<FromUserName><![CDATA[outkyxKZzY8oLR3gVZiiDMyYxM-A]]></FromUserName>
<CreateTime>1491027955</CreateTime>
<MsgType><![CDATA[event]]></MsgType>
<Event><![CDATA[VIEW]]></Event>
<EventKey><![CDATA[http://www.lginfo.net/youdian/app/index.php?i=2&c=entry&eid=110]]></EventKey>
<MenuId>421146275</MenuId>
</xml>

2017-04-01 14:25:55 params :
------------
String:
array (
  'rule' => -2,
  'module' => '',
  'message' => 
  array (
    'tousername' => 'gh_a79fdd3c76dc',
    'fromusername' => 'outkyxKZzY8oLR3gVZiiDMyYxM-A',
    'createtime' => '1491027955',
    'msgtype' => 'event',
    'event' => 'VIEW',
    'eventkey' => 'http://www.lginfo.net/youdian/app/index.php?i=2&c=entry&eid=110',
    'menuid' => '421146275',
    'from' => 'outkyxKZzY8oLR3gVZiiDMyYxM-A',
    'to' => 'gh_a79fdd3c76dc',
    'time' => '1491027955',
    'type' => 'text',
    'content' => 'http://www.lginfo.net/youdian/app/index.php?i=2&c=entry&eid=110',
    'redirection' => true,
    'source' => 'VIEW',
  ),
)

2017-04-01 14:25:55 response :
------------

2017-04-01 14:34:22 trace :
------------
String:
<xml><ToUserName><![CDATA[gh_a79fdd3c76dc]]></ToUserName>
<FromUserName><![CDATA[outkyxKZzY8oLR3gVZiiDMyYxM-A]]></FromUserName>
<CreateTime>1491028462</CreateTime>
<MsgType><![CDATA[event]]></MsgType>
<Event><![CDATA[VIEW]]></Event>
<EventKey><![CDATA[http://www.lginfo.net/youdian/app/index.php?i=2&c=entry&eid=110]]></EventKey>
<MenuId>421146275</MenuId>
</xml>

2017-04-01 14:34:22 params :
------------
String:
array (
  'rule' => -2,
  'module' => '',
  'message' => 
  array (
    'tousername' => 'gh_a79fdd3c76dc',
    'fromusername' => 'outkyxKZzY8oLR3gVZiiDMyYxM-A',
    'createtime' => '1491028462',
    'msgtype' => 'event',
    'event' => 'VIEW',
    'eventkey' => 'http://www.lginfo.net/youdian/app/index.php?i=2&c=entry&eid=110',
    'menuid' => '421146275',
    'from' => 'outkyxKZzY8oLR3gVZiiDMyYxM-A',
    'to' => 'gh_a79fdd3c76dc',
    'time' => '1491028462',
    'type' => 'text',
    'content' => 'http://www.lginfo.net/youdian/app/index.php?i=2&c=entry&eid=110',
    'redirection' => true,
    'source' => 'VIEW',
  ),
)

2017-04-01 14:34:22 response :
------------

2017-04-01 14:49:16 trace :
------------
String:
<xml><ToUserName><![CDATA[gh_a79fdd3c76dc]]></ToUserName>
<FromUserName><![CDATA[outkyxKZzY8oLR3gVZiiDMyYxM-A]]></FromUserName>
<CreateTime>1491029355</CreateTime>
<MsgType><![CDATA[event]]></MsgType>
<Event><![CDATA[VIEW]]></Event>
<EventKey><![CDATA[http://www.lginfo.net/youdian/app/index.php?i=2&c=entry&eid=110]]></EventKey>
<MenuId>421146275</MenuId>
</xml>

2017-04-01 14:49:16 params :
------------
String:
array (
  'rule' => -2,
  'module' => '',
  'message' => 
  array (
    'tousername' => 'gh_a79fdd3c76dc',
    'fromusername' => 'outkyxKZzY8oLR3gVZiiDMyYxM-A',
    'createtime' => '1491029355',
    'msgtype' => 'event',
    'event' => 'VIEW',
    'eventkey' => 'http://www.lginfo.net/youdian/app/index.php?i=2&c=entry&eid=110',
    'menuid' => '421146275',
    'from' => 'outkyxKZzY8oLR3gVZiiDMyYxM-A',
    'to' => 'gh_a79fdd3c76dc',
    'time' => '1491029355',
    'type' => 'text',
    'content' => 'http://www.lginfo.net/youdian/app/index.php?i=2&c=entry&eid=110',
    'redirection' => true,
    'source' => 'VIEW',
  ),
)

2017-04-01 14:49:16 response :
------------

2017-04-01 15:50:58 trace :
------------
String:
<xml><ToUserName><![CDATA[gh_a79fdd3c76dc]]></ToUserName>
<FromUserName><![CDATA[outkyxLL4GMVa5MnfciZ8EFB3sYM]]></FromUserName>
<CreateTime>1491033058</CreateTime>
<MsgType><![CDATA[event]]></MsgType>
<Event><![CDATA[VIEW]]></Event>
<EventKey><![CDATA[http://www.lginfo.net/youdian/app/index.php?i=2&c=entry&eid=110]]></EventKey>
<MenuId>421146275</MenuId>
</xml>

2017-04-01 15:50:58 params :
------------
String:
array (
  'rule' => -2,
  'module' => '',
  'message' => 
  array (
    'tousername' => 'gh_a79fdd3c76dc',
    'fromusername' => 'outkyxLL4GMVa5MnfciZ8EFB3sYM',
    'createtime' => '1491033058',
    'msgtype' => 'event',
    'event' => 'VIEW',
    'eventkey' => 'http://www.lginfo.net/youdian/app/index.php?i=2&c=entry&eid=110',
    'menuid' => '421146275',
    'from' => 'outkyxLL4GMVa5MnfciZ8EFB3sYM',
    'to' => 'gh_a79fdd3c76dc',
    'time' => '1491033058',
    'type' => 'text',
    'content' => 'http://www.lginfo.net/youdian/app/index.php?i=2&c=entry&eid=110',
    'redirection' => true,
    'source' => 'VIEW',
  ),
)

2017-04-01 15:50:58 response :
------------

2017-04-01 15:51:19 trace :
------------
String:
<xml><ToUserName><![CDATA[gh_a79fdd3c76dc]]></ToUserName>
<FromUserName><![CDATA[outkyxLL4GMVa5MnfciZ8EFB3sYM]]></FromUserName>
<CreateTime>1491033079</CreateTime>
<MsgType><![CDATA[event]]></MsgType>
<Event><![CDATA[VIEW]]></Event>
<EventKey><![CDATA[http://www.lginfo.net/youdian/app/index.php?i=2&c=entry&eid=110]]></EventKey>
<MenuId>421146275</MenuId>
</xml>

2017-04-01 15:51:19 params :
------------
String:
array (
  'rule' => -2,
  'module' => '',
  'message' => 
  array (
    'tousername' => 'gh_a79fdd3c76dc',
    'fromusername' => 'outkyxLL4GMVa5MnfciZ8EFB3sYM',
    'createtime' => '1491033079',
    'msgtype' => 'event',
    'event' => 'VIEW',
    'eventkey' => 'http://www.lginfo.net/youdian/app/index.php?i=2&c=entry&eid=110',
    'menuid' => '421146275',
    'from' => 'outkyxLL4GMVa5MnfciZ8EFB3sYM',
    'to' => 'gh_a79fdd3c76dc',
    'time' => '1491033079',
    'type' => 'text',
    'content' => 'http://www.lginfo.net/youdian/app/index.php?i=2&c=entry&eid=110',
    'redirection' => true,
    'source' => 'VIEW',
  ),
)

2017-04-01 15:51:19 response :
------------

2017-04-01 16:10:25 trace :
------------
String:
<xml><ToUserName><![CDATA[gh_a79fdd3c76dc]]></ToUserName>
<FromUserName><![CDATA[outkyxKZzY8oLR3gVZiiDMyYxM-A]]></FromUserName>
<CreateTime>1491034225</CreateTime>
<MsgType><![CDATA[event]]></MsgType>
<Event><![CDATA[VIEW]]></Event>
<EventKey><![CDATA[http://www.lginfo.net/youdian/app/index.php?i=2&c=entry&eid=110]]></EventKey>
<MenuId>421146275</MenuId>
</xml>

2017-04-01 16:10:25 params :
------------
String:
array (
  'rule' => -2,
  'module' => '',
  'message' => 
  array (
    'tousername' => 'gh_a79fdd3c76dc',
    'fromusername' => 'outkyxKZzY8oLR3gVZiiDMyYxM-A',
    'createtime' => '1491034225',
    'msgtype' => 'event',
    'event' => 'VIEW',
    'eventkey' => 'http://www.lginfo.net/youdian/app/index.php?i=2&c=entry&eid=110',
    'menuid' => '421146275',
    'from' => 'outkyxKZzY8oLR3gVZiiDMyYxM-A',
    'to' => 'gh_a79fdd3c76dc',
    'time' => '1491034225',
    'type' => 'text',
    'content' => 'http://www.lginfo.net/youdian/app/index.php?i=2&c=entry&eid=110',
    'redirection' => true,
    'source' => 'VIEW',
  ),
)

2017-04-01 16:10:25 response :
------------

2017-04-01 16:10:36 trace :
------------
String:
<xml><ToUserName><![CDATA[gh_a79fdd3c76dc]]></ToUserName>
<FromUserName><![CDATA[outkyxLL4GMVa5MnfciZ8EFB3sYM]]></FromUserName>
<CreateTime>1491034236</CreateTime>
<MsgType><![CDATA[event]]></MsgType>
<Event><![CDATA[VIEW]]></Event>
<EventKey><![CDATA[http://www.lginfo.net/youdian/app/index.php?i=2&c=entry&eid=110]]></EventKey>
<MenuId>421146275</MenuId>
</xml>

2017-04-01 16:10:36 params :
------------
String:
array (
  'rule' => -2,
  'module' => '',
  'message' => 
  array (
    'tousername' => 'gh_a79fdd3c76dc',
    'fromusername' => 'outkyxLL4GMVa5MnfciZ8EFB3sYM',
    'createtime' => '1491034236',
    'msgtype' => 'event',
    'event' => 'VIEW',
    'eventkey' => 'http://www.lginfo.net/youdian/app/index.php?i=2&c=entry&eid=110',
    'menuid' => '421146275',
    'from' => 'outkyxLL4GMVa5MnfciZ8EFB3sYM',
    'to' => 'gh_a79fdd3c76dc',
    'time' => '1491034236',
    'type' => 'text',
    'content' => 'http://www.lginfo.net/youdian/app/index.php?i=2&c=entry&eid=110',
    'redirection' => true,
    'source' => 'VIEW',
  ),
)

2017-04-01 16:10:36 response :
------------

2017-04-01 16:12:35 trace :
------------
String:
<xml><ToUserName><![CDATA[gh_a79fdd3c76dc]]></ToUserName>
<FromUserName><![CDATA[outkyxKZzY8oLR3gVZiiDMyYxM-A]]></FromUserName>
<CreateTime>1491034355</CreateTime>
<MsgType><![CDATA[event]]></MsgType>
<Event><![CDATA[VIEW]]></Event>
<EventKey><![CDATA[http://www.lginfo.net/youdian/app/index.php?i=2&c=entry&eid=110]]></EventKey>
<MenuId>421146275</MenuId>
</xml>

2017-04-01 16:12:35 params :
------------
String:
array (
  'rule' => -2,
  'module' => '',
  'message' => 
  array (
    'tousername' => 'gh_a79fdd3c76dc',
    'fromusername' => 'outkyxKZzY8oLR3gVZiiDMyYxM-A',
    'createtime' => '1491034355',
    'msgtype' => 'event',
    'event' => 'VIEW',
    'eventkey' => 'http://www.lginfo.net/youdian/app/index.php?i=2&c=entry&eid=110',
    'menuid' => '421146275',
    'from' => 'outkyxKZzY8oLR3gVZiiDMyYxM-A',
    'to' => 'gh_a79fdd3c76dc',
    'time' => '1491034355',
    'type' => 'text',
    'content' => 'http://www.lginfo.net/youdian/app/index.php?i=2&c=entry&eid=110',
    'redirection' => true,
    'source' => 'VIEW',
  ),
)

2017-04-01 16:12:35 response :
------------

2017-04-01 20:30:04 trace :
------------
String:
<xml><ToUserName><![CDATA[gh_a79fdd3c76dc]]></ToUserName>
<FromUserName><![CDATA[outkyxKUlp9eu2o2IOj3wmlvNejU]]></FromUserName>
<CreateTime>1491049804</CreateTime>
<MsgType><![CDATA[event]]></MsgType>
<Event><![CDATA[subscribe]]></Event>
<EventKey><![CDATA[]]></EventKey>
</xml>

2017-04-01 20:30:05 params :
------------
String:
array (
  'rule' => -2,
  'module' => '',
  'message' => 
  array (
    'tousername' => 'gh_a79fdd3c76dc',
    'fromusername' => 'outkyxKUlp9eu2o2IOj3wmlvNejU',
    'createtime' => '1491049804',
    'msgtype' => 'event',
    'event' => 'subscribe',
    'eventkey' => '',
    'from' => 'outkyxKUlp9eu2o2IOj3wmlvNejU',
    'to' => 'gh_a79fdd3c76dc',
    'time' => '1491049804',
    'type' => 'text',
    'redirection' => true,
    'source' => 'subscribe',
  ),
)

2017-04-01 20:30:05 response :
------------

2017-04-01 20:30:08 trace :
------------
String:
<xml><ToUserName><![CDATA[gh_a79fdd3c76dc]]></ToUserName>
<FromUserName><![CDATA[outkyxKUlp9eu2o2IOj3wmlvNejU]]></FromUserName>
<CreateTime>1491049808</CreateTime>
<MsgType><![CDATA[event]]></MsgType>
<Event><![CDATA[VIEW]]></Event>
<EventKey><![CDATA[http://www.lginfo.net/youdian/app/index.php?i=2&c=entry&eid=110]]></EventKey>
<MenuId>421146275</MenuId>
</xml>

2017-04-01 20:30:08 params :
------------
String:
array (
  'rule' => -2,
  'module' => '',
  'message' => 
  array (
    'tousername' => 'gh_a79fdd3c76dc',
    'fromusername' => 'outkyxKUlp9eu2o2IOj3wmlvNejU',
    'createtime' => '1491049808',
    'msgtype' => 'event',
    'event' => 'VIEW',
    'eventkey' => 'http://www.lginfo.net/youdian/app/index.php?i=2&c=entry&eid=110',
    'menuid' => '421146275',
    'from' => 'outkyxKUlp9eu2o2IOj3wmlvNejU',
    'to' => 'gh_a79fdd3c76dc',
    'time' => '1491049808',
    'type' => 'text',
    'content' => 'http://www.lginfo.net/youdian/app/index.php?i=2&c=entry&eid=110',
    'redirection' => true,
    'source' => 'VIEW',
  ),
)

2017-04-01 20:30:08 response :
------------

2017-04-01 20:31:57 trace :
------------
String:
<xml><ToUserName><![CDATA[gh_a79fdd3c76dc]]></ToUserName>
<FromUserName><![CDATA[outkyxKUlp9eu2o2IOj3wmlvNejU]]></FromUserName>
<CreateTime>1491049917</CreateTime>
<MsgType><![CDATA[event]]></MsgType>
<Event><![CDATA[VIEW]]></Event>
<EventKey><![CDATA[http://www.lginfo.net/youdian/app/index.php?i=2&c=entry&eid=11]]></EventKey>
<MenuId>421146275</MenuId>
</xml>

2017-04-01 20:31:57 params :
------------
String:
array (
  'rule' => -2,
  'module' => '',
  'message' => 
  array (
    'tousername' => 'gh_a79fdd3c76dc',
    'fromusername' => 'outkyxKUlp9eu2o2IOj3wmlvNejU',
    'createtime' => '1491049917',
    'msgtype' => 'event',
    'event' => 'VIEW',
    'eventkey' => 'http://www.lginfo.net/youdian/app/index.php?i=2&c=entry&eid=11',
    'menuid' => '421146275',
    'from' => 'outkyxKUlp9eu2o2IOj3wmlvNejU',
    'to' => 'gh_a79fdd3c76dc',
    'time' => '1491049917',
    'type' => 'text',
    'content' => 'http://www.lginfo.net/youdian/app/index.php?i=2&c=entry&eid=11',
    'redirection' => true,
    'source' => 'VIEW',
  ),
)

2017-04-01 20:31:57 response :
------------

2017-04-01 20:32:25 trace :
------------
String:
<xml><ToUserName><![CDATA[gh_a79fdd3c76dc]]></ToUserName>
<FromUserName><![CDATA[outkyxKUlp9eu2o2IOj3wmlvNejU]]></FromUserName>
<CreateTime>1491049945</CreateTime>
<MsgType><![CDATA[event]]></MsgType>
<Event><![CDATA[VIEW]]></Event>
<EventKey><![CDATA[http://www.lginfo.net/youdian/app/index.php?i=2&c=entry&eid=110]]></EventKey>
<MenuId>421146275</MenuId>
</xml>

2017-04-01 20:32:25 params :
------------
String:
array (
  'rule' => -2,
  'module' => '',
  'message' => 
  array (
    'tousername' => 'gh_a79fdd3c76dc',
    'fromusername' => 'outkyxKUlp9eu2o2IOj3wmlvNejU',
    'createtime' => '1491049945',
    'msgtype' => 'event',
    'event' => 'VIEW',
    'eventkey' => 'http://www.lginfo.net/youdian/app/index.php?i=2&c=entry&eid=110',
    'menuid' => '421146275',
    'from' => 'outkyxKUlp9eu2o2IOj3wmlvNejU',
    'to' => 'gh_a79fdd3c76dc',
    'time' => '1491049945',
    'type' => 'text',
    'content' => 'http://www.lginfo.net/youdian/app/index.php?i=2&c=entry&eid=110',
    'redirection' => true,
    'source' => 'VIEW',
  ),
)

2017-04-01 20:32:25 response :
------------

2017-04-01 21:39:13 trace :
------------
String:
<xml><ToUserName><![CDATA[gh_a79fdd3c76dc]]></ToUserName>
<FromUserName><![CDATA[outkyxKZzY8oLR3gVZiiDMyYxM-A]]></FromUserName>
<CreateTime>1491053953</CreateTime>
<MsgType><![CDATA[event]]></MsgType>
<Event><![CDATA[VIEW]]></Event>
<EventKey><![CDATA[http://www.lginfo.net/youdian/app/index.php?i=2&c=entry&eid=110]]></EventKey>
<MenuId>421146275</MenuId>
</xml>

2017-04-01 21:39:13 params :
------------
String:
array (
  'rule' => -2,
  'module' => '',
  'message' => 
  array (
    'tousername' => 'gh_a79fdd3c76dc',
    'fromusername' => 'outkyxKZzY8oLR3gVZiiDMyYxM-A',
    'createtime' => '1491053953',
    'msgtype' => 'event',
    'event' => 'VIEW',
    'eventkey' => 'http://www.lginfo.net/youdian/app/index.php?i=2&c=entry&eid=110',
    'menuid' => '421146275',
    'from' => 'outkyxKZzY8oLR3gVZiiDMyYxM-A',
    'to' => 'gh_a79fdd3c76dc',
    'time' => '1491053953',
    'type' => 'text',
    'content' => 'http://www.lginfo.net/youdian/app/index.php?i=2&c=entry&eid=110',
    'redirection' => true,
    'source' => 'VIEW',
  ),
)

2017-04-01 21:39:13 response :
------------

2017-04-01 23:25:57 trace :
------------
String:
<xml><ToUserName><![CDATA[gh_a79fdd3c76dc]]></ToUserName>
<FromUserName><![CDATA[outkyxE1uR7_VHLviK60sB4qjXhg]]></FromUserName>
<CreateTime>1491060357</CreateTime>
<MsgType><![CDATA[event]]></MsgType>
<Event><![CDATA[VIEW]]></Event>
<EventKey><![CDATA[http://www.lginfo.net/youdian/app/index.php?i=2&c=entry&eid=110]]></EventKey>
<MenuId>421146275</MenuId>
</xml>

2017-04-01 23:25:57 params :
------------
String:
array (
  'rule' => -2,
  'module' => '',
  'message' => 
  array (
    'tousername' => 'gh_a79fdd3c76dc',
    'fromusername' => 'outkyxE1uR7_VHLviK60sB4qjXhg',
    'createtime' => '1491060357',
    'msgtype' => 'event',
    'event' => 'VIEW',
    'eventkey' => 'http://www.lginfo.net/youdian/app/index.php?i=2&c=entry&eid=110',
    'menuid' => '421146275',
    'from' => 'outkyxE1uR7_VHLviK60sB4qjXhg',
    'to' => 'gh_a79fdd3c76dc',
    'time' => '1491060357',
    'type' => 'text',
    'content' => 'http://www.lginfo.net/youdian/app/index.php?i=2&c=entry&eid=110',
    'redirection' => true,
    'source' => 'VIEW',
  ),
)

2017-04-01 23:25:57 response :
------------

2017-04-01 23:26:43 trace :
------------
String:
<xml><ToUserName><![CDATA[gh_a79fdd3c76dc]]></ToUserName>
<FromUserName><![CDATA[outkyxE1uR7_VHLviK60sB4qjXhg]]></FromUserName>
<CreateTime>1491060403</CreateTime>
<MsgType><![CDATA[event]]></MsgType>
<Event><![CDATA[VIEW]]></Event>
<EventKey><![CDATA[http://www.lginfo.net/youdian/app/index.php?i=2&c=entry&eid=110]]></EventKey>
<MenuId>421146275</MenuId>
</xml>

2017-04-01 23:26:43 params :
------------
String:
array (
  'rule' => -2,
  'module' => '',
  'message' => 
  array (
    'tousername' => 'gh_a79fdd3c76dc',
    'fromusername' => 'outkyxE1uR7_VHLviK60sB4qjXhg',
    'createtime' => '1491060403',
    'msgtype' => 'event',
    'event' => 'VIEW',
    'eventkey' => 'http://www.lginfo.net/youdian/app/index.php?i=2&c=entry&eid=110',
    'menuid' => '421146275',
    'from' => 'outkyxE1uR7_VHLviK60sB4qjXhg',
    'to' => 'gh_a79fdd3c76dc',
    'time' => '1491060403',
    'type' => 'text',
    'content' => 'http://www.lginfo.net/youdian/app/index.php?i=2&c=entry&eid=110',
    'redirection' => true,
    'source' => 'VIEW',
  ),
)

2017-04-01 23:26:43 response :
------------

