2017-04-11 12:53:27 trace :
------------
String:
<xml><ToUserName><![CDATA[gh_a79fdd3c76dc]]></ToUserName>
<FromUserName><![CDATA[outkyxLL4GMVa5MnfciZ8EFB3sYM]]></FromUserName>
<CreateTime>1491886407</CreateTime>
<MsgType><![CDATA[event]]></MsgType>
<Event><![CDATA[VIEW]]></Event>
<EventKey><![CDATA[http://www.lginfo.net/youdian/app/index.php?i=2&c=entry&eid=110]]></EventKey>
<MenuId>421146275</MenuId>
</xml>

2017-04-11 12:53:27 params :
------------
String:
array (
  'rule' => -2,
  'module' => '',
  'message' => 
  array (
    'tousername' => 'gh_a79fdd3c76dc',
    'fromusername' => 'outkyxLL4GMVa5MnfciZ8EFB3sYM',
    'createtime' => '1491886407',
    'msgtype' => 'event',
    'event' => 'VIEW',
    'eventkey' => 'http://www.lginfo.net/youdian/app/index.php?i=2&c=entry&eid=110',
    'menuid' => '421146275',
    'from' => 'outkyxLL4GMVa5MnfciZ8EFB3sYM',
    'to' => 'gh_a79fdd3c76dc',
    'time' => '1491886407',
    'type' => 'text',
    'content' => 'http://www.lginfo.net/youdian/app/index.php?i=2&c=entry&eid=110',
    'redirection' => true,
    'source' => 'VIEW',
  ),
)

2017-04-11 12:53:27 response :
------------

2017-04-11 22:23:18 trace :
------------
String:
<xml><ToUserName><![CDATA[gh_a79fdd3c76dc]]></ToUserName>
<FromUserName><![CDATA[outkyxLL4GMVa5MnfciZ8EFB3sYM]]></FromUserName>
<CreateTime>1491920598</CreateTime>
<MsgType><![CDATA[event]]></MsgType>
<Event><![CDATA[VIEW]]></Event>
<EventKey><![CDATA[http://www.lginfo.net/youdian/app/index.php?i=2&c=entry&eid=110]]></EventKey>
<MenuId>421146275</MenuId>
</xml>

2017-04-11 22:23:18 params :
------------
String:
array (
  'rule' => -2,
  'module' => '',
  'message' => 
  array (
    'tousername' => 'gh_a79fdd3c76dc',
    'fromusername' => 'outkyxLL4GMVa5MnfciZ8EFB3sYM',
    'createtime' => '1491920598',
    'msgtype' => 'event',
    'event' => 'VIEW',
    'eventkey' => 'http://www.lginfo.net/youdian/app/index.php?i=2&c=entry&eid=110',
    'menuid' => '421146275',
    'from' => 'outkyxLL4GMVa5MnfciZ8EFB3sYM',
    'to' => 'gh_a79fdd3c76dc',
    'time' => '1491920598',
    'type' => 'text',
    'content' => 'http://www.lginfo.net/youdian/app/index.php?i=2&c=entry&eid=110',
    'redirection' => true,
    'source' => 'VIEW',
  ),
)

2017-04-11 22:23:18 response :
------------

2017-04-11 22:23:43 trace :
------------
String:
<xml><ToUserName><![CDATA[gh_a79fdd3c76dc]]></ToUserName>
<FromUserName><![CDATA[outkyxLL4GMVa5MnfciZ8EFB3sYM]]></FromUserName>
<CreateTime>1491920623</CreateTime>
<MsgType><![CDATA[event]]></MsgType>
<Event><![CDATA[VIEW]]></Event>
<EventKey><![CDATA[http://www.lginfo.net/youdian/app/index.php?i=2&c=entry&eid=110]]></EventKey>
<MenuId>421146275</MenuId>
</xml>

2017-04-11 22:23:43 params :
------------
String:
array (
  'rule' => -2,
  'module' => '',
  'message' => 
  array (
    'tousername' => 'gh_a79fdd3c76dc',
    'fromusername' => 'outkyxLL4GMVa5MnfciZ8EFB3sYM',
    'createtime' => '1491920623',
    'msgtype' => 'event',
    'event' => 'VIEW',
    'eventkey' => 'http://www.lginfo.net/youdian/app/index.php?i=2&c=entry&eid=110',
    'menuid' => '421146275',
    'from' => 'outkyxLL4GMVa5MnfciZ8EFB3sYM',
    'to' => 'gh_a79fdd3c76dc',
    'time' => '1491920623',
    'type' => 'text',
    'content' => 'http://www.lginfo.net/youdian/app/index.php?i=2&c=entry&eid=110',
    'redirection' => true,
    'source' => 'VIEW',
  ),
)

2017-04-11 22:23:43 response :
------------

